<?xml version="1.0" encoding="UTF-8"?>
<!-- Generated by org.testng.reporters.JUnitXMLReporter -->
<testsuite hostname="Razin-Anik" ignored="1" name="signup testing" tests="4" failures="0" timestamp="26 Apr 2020 15:14:15 GMT" time="15.422" errors="0">
  <testcase name="ctest" time="0.008" classname="scripts.codeRun"/>
  <testcase name="btest" time="0.003" classname="scripts.codeRun"/>
  <testcase name="validateElementPresent" time="4.306" classname="scripts.elementCheck"/>
  <testcase name="validateMessangerURL" time="2.02" classname="scripts.elementCheck"/>
  <testcase name="atest" time="0.0" classname="scripts.codeRun">
    <ignored/>
  </testcase> <!-- atest -->
</testsuite> <!-- signup testing -->
