<?xml version="1.0" encoding="UTF-8"?>
<!-- Generated by org.testng.reporters.JUnitXMLReporter -->
<testsuite hostname="Razin-Anik" ignored="1" name="signup testing" tests="7" failures="0" timestamp="26 Apr 2020 16:37:26 GMT" time="16.158" errors="0">
  <testcase name="ctest" time="0.014" classname="scripts.codeRun"/>
  <testcase name="btest" time="0.003" classname="scripts.codeRun"/>
  <testcase name="validateElementPresent" time="4.348" classname="scripts.elementCheck"/>
  <testcase name="validateUrl" time="0.002" classname="scripts.testRun"/>
  <testcase name="validateMessangerURL" time="2.258" classname="scripts.elementCheck"/>
  <testcase name="validateTitle" time="0.002" classname="scripts.testRun"/>
  <testcase name="validateTextPresnt" time="0.001" classname="scripts.testRun"/>
  <testcase name="atest" time="0.0" classname="scripts.codeRun">
    <ignored/>
  </testcase> <!-- atest -->
</testsuite> <!-- signup testing -->
