<?xml version="1.0" encoding="UTF-8"?>
<!-- Generated by org.testng.reporters.JUnitXMLReporter -->
<testsuite hostname="Razin-Anik" ignored="0" name="Default test" tests="3" failures="0" timestamp="26 Apr 2020 11:54:07 GMT" time="0.034" errors="0">
  <testcase name="validateUrl" time="0.004" classname="scripts.testRun"/>
  <testcase name="validateTitle" time="0.001" classname="scripts.testRun"/>
  <testcase name="validateTextPresnt" time="0.001" classname="scripts.testRun"/>
</testsuite> <!-- Default test -->
