<?xml version="1.0" encoding="UTF-8"?>
<!-- Generated by org.testng.reporters.JUnitXMLReporter -->
<testsuite hostname="DESKTOP-E69K95O" name="New Tours Regression test" tests="7" failures="0" timestamp="21 Mar 2020 16:41:29 GMT" time="25.336" errors="0">
  <testcase name="validateWebElementPresent" time="0.103" classname="com.app.Tests.signOnTest"/>
  <testcase name="validateSignOnNegative" time="1.729" classname="com.app.Tests.signOnTest"/>
  <testcase name="validateURL" time="0.012" classname="com.app.Tests.newTourTest"/>
  <testcase name="validateTitle" time="0.006" classname="com.app.Tests.newTourTest"/>
  <testcase name="elementDisplayed" time="2.187" classname="com.app.Tests.newTourTest"/>
  <testcase name="bmainTest" time="0.001" classname="com.app.Tests.basicTestNGTest"/>
  <testcase name="amainTest" time="0.001" classname="com.app.Tests.basicTestNGTest"/>
</testsuite> <!-- New Tours Regression test -->
