<?xml version="1.0" encoding="UTF-8"?>
<testng-results skipped="0" failed="0" ignored="1" total="8" passed="7">
  <reporter-output>
  </reporter-output>
  <suite name="Regression Test" duration-ms="16158" started-at="2020-04-26T16:37:10Z" finished-at="2020-04-26T16:37:26Z">
    <groups>
    </groups>
    <test name="signup testing" duration-ms="16158" started-at="2020-04-26T16:37:10Z" finished-at="2020-04-26T16:37:26Z">
      <class name="scripts.codeRun">
        <test-method status="PASS" signature="beforetest()[pri:0, instance:scripts.codeRun@6d00a15d]" name="beforetest" is-config="true" duration-ms="22" started-at="2020-04-26T12:37:10Z" finished-at="2020-04-26T12:37:10Z">
          <reporter-output>
          </reporter-output>
        </test-method> <!-- beforetest -->
        <test-method status="PASS" signature="beforeTest()[pri:0, instance:scripts.elementCheck@51efea79]" name="beforeTest" is-config="true" duration-ms="8050" started-at="2020-04-26T12:37:10Z" finished-at="2020-04-26T12:37:18Z">
          <reporter-output>
          </reporter-output>
        </test-method> <!-- beforeTest -->
        <test-method status="PASS" signature="beforetest()[pri:0, instance:scripts.testRun@5034c75a]" name="beforetest" is-config="true" duration-ms="0" started-at="2020-04-26T12:37:18Z" finished-at="2020-04-26T12:37:18Z">
          <reporter-output>
          </reporter-output>
        </test-method> <!-- beforetest -->
        <test-method status="PASS" signature="ctest()[pri:0, instance:scripts.codeRun@6d00a15d]" name="ctest" duration-ms="14" started-at="2020-04-26T12:37:18Z" finished-at="2020-04-26T12:37:18Z">
          <reporter-output>
          </reporter-output>
        </test-method> <!-- ctest -->
        <test-method status="PASS" signature="beforemethod()[pri:0, instance:scripts.codeRun@6d00a15d]" name="beforemethod" is-config="true" duration-ms="0" started-at="2020-04-26T12:37:18Z" finished-at="2020-04-26T12:37:18Z">
          <reporter-output>
          </reporter-output>
        </test-method> <!-- beforemethod -->
        <test-method status="PASS" signature="aftermethod()[pri:0, instance:scripts.codeRun@6d00a15d]" name="aftermethod" is-config="true" duration-ms="0" started-at="2020-04-26T12:37:18Z" finished-at="2020-04-26T12:37:18Z">
          <reporter-output>
          </reporter-output>
        </test-method> <!-- aftermethod -->
        <test-method status="PASS" signature="btest()[pri:0, instance:scripts.codeRun@6d00a15d]" name="btest" duration-ms="3" started-at="2020-04-26T12:37:18Z" depends-on-methods="scripts.codeRun.ctest" finished-at="2020-04-26T12:37:18Z">
          <reporter-output>
          </reporter-output>
        </test-method> <!-- btest -->
        <test-method status="PASS" signature="beforemethod()[pri:0, instance:scripts.codeRun@6d00a15d]" name="beforemethod" is-config="true" duration-ms="0" started-at="2020-04-26T12:37:18Z" finished-at="2020-04-26T12:37:18Z">
          <reporter-output>
          </reporter-output>
        </test-method> <!-- beforemethod -->
        <test-method status="PASS" signature="aftermethod()[pri:0, instance:scripts.codeRun@6d00a15d]" name="aftermethod" is-config="true" duration-ms="0" started-at="2020-04-26T12:37:18Z" finished-at="2020-04-26T12:37:18Z">
          <reporter-output>
          </reporter-output>
        </test-method> <!-- aftermethod -->
        <test-method status="PASS" signature="aftertest()[pri:0, instance:scripts.codeRun@6d00a15d]" name="aftertest" is-config="true" duration-ms="0" started-at="2020-04-26T12:37:25Z" finished-at="2020-04-26T12:37:25Z">
          <reporter-output>
          </reporter-output>
        </test-method> <!-- aftertest -->
        <test-method status="PASS" signature="afterTest()[pri:0, instance:scripts.elementCheck@51efea79]" name="afterTest" is-config="true" duration-ms="1405" started-at="2020-04-26T12:37:25Z" finished-at="2020-04-26T12:37:26Z">
          <reporter-output>
          </reporter-output>
        </test-method> <!-- afterTest -->
        <test-method status="PASS" signature="aftertest()[pri:0, instance:scripts.testRun@5034c75a]" name="aftertest" is-config="true" duration-ms="0" started-at="2020-04-26T12:37:26Z" finished-at="2020-04-26T12:37:26Z">
          <reporter-output>
          </reporter-output>
        </test-method> <!-- aftertest -->
      </class> <!-- scripts.codeRun -->
      <class name="scripts.testRun">
        <test-method status="PASS" signature="validateUrl()[pri:1, instance:scripts.testRun@5034c75a]" name="validateUrl" duration-ms="2" started-at="2020-04-26T12:37:23Z" finished-at="2020-04-26T12:37:23Z">
          <reporter-output>
          </reporter-output>
        </test-method> <!-- validateUrl -->
        <test-method status="PASS" signature="validateTitle()[pri:2, instance:scripts.testRun@5034c75a]" name="validateTitle" duration-ms="2" started-at="2020-04-26T12:37:25Z" finished-at="2020-04-26T12:37:25Z">
          <reporter-output>
          </reporter-output>
        </test-method> <!-- validateTitle -->
        <test-method status="PASS" signature="validateTextPresnt()[pri:3, instance:scripts.testRun@5034c75a]" name="validateTextPresnt" duration-ms="1" started-at="2020-04-26T12:37:25Z" finished-at="2020-04-26T12:37:25Z">
          <reporter-output>
          </reporter-output>
        </test-method> <!-- validateTextPresnt -->
      </class> <!-- scripts.testRun -->
      <class name="scripts.elementCheck">
        <test-method status="PASS" signature="validateElementPresent()[pri:1, instance:scripts.elementCheck@51efea79]" name="validateElementPresent" duration-ms="4348" started-at="2020-04-26T12:37:18Z" finished-at="2020-04-26T12:37:23Z">
          <reporter-output>
          </reporter-output>
        </test-method> <!-- validateElementPresent -->
        <test-method status="PASS" signature="validateMessangerURL()[pri:2, instance:scripts.elementCheck@51efea79]" name="validateMessangerURL" duration-ms="2258" started-at="2020-04-26T12:37:23Z" finished-at="2020-04-26T12:37:25Z">
          <reporter-output>
          </reporter-output>
        </test-method> <!-- validateMessangerURL -->
      </class> <!-- scripts.elementCheck -->
    </test> <!-- signup testing -->
  </suite> <!-- Regression Test -->
</testng-results>
