<?xml version="1.0" encoding="UTF-8"?>
<!-- Generated by org.testng.reporters.JUnitXMLReporter -->
<testsuite hostname="DESKTOP-E69K95O" name="Default test" tests="3" failures="0" timestamp="15 Mar 2020 17:37:42 GMT" time="12.696" errors="0">
  <testcase name="validateURL" time="0.013" classname="com.app.Tests.newTourTest"/>
  <testcase name="validateTitle" time="0.008" classname="com.app.Tests.newTourTest"/>
  <testcase name="elementDisplayed" time="2.187" classname="com.app.Tests.newTourTest"/>
</testsuite> <!-- Default test -->
